[0.920s] DEBUG:colcon:Command line arguments: ['/usr/bin/colcon', 'build']
[0.920s] DEBUG:colcon:Parsed command line arguments: Namespace(log_base=None, log_level=None, verb_name='build', build_base='build', install_base='install', merge_install=False, symlink_install=False, test_result_base=None, continue_on_error=False, executor='parallel', parallel_workers=4, event_handlers=None, ignore_user_meta=False, metas=['./colcon.meta'], base_paths=['.'], packages_ignore=None, packages_ignore_regex=None, paths=None, packages_up_to=None, packages_up_to_regex=None, packages_above=None, packages_above_and_dependencies=None, packages_above_depth=None, packages_select_by_dep=None, packages_skip_by_dep=None, packages_skip_up_to=None, packages_select_build_failed=False, packages_skip_build_finished=False, packages_select_test_failures=False, packages_skip_test_passed=False, packages_select=None, packages_skip=None, packages_select_regex=None, packages_skip_regex=None, packages_start=None, packages_end=None, allow_overriding=[], cmake_args=None, cmake_target=None, cmake_target_skip_unavailable=False, cmake_clean_cache=False, cmake_clean_first=False, cmake_force_configure=False, ament_cmake_args=None, catkin_cmake_args=None, catkin_skip_building_tests=False, mixin_files=None, mixin=None, verb_parser=<colcon_mixin.mixin.mixin_argument.MixinArgumentDecorator object at 0x7c78993f1de0>, verb_extension=<colcon_core.verb.build.BuildVerb object at 0x7c78993f1810>, main=<bound method BuildVerb.main of <colcon_core.verb.build.BuildVerb object at 0x7c78993f1810>>, mixin_verb=('build',))
[2.948s] Level 1:colcon.colcon_core.package_discovery:discover_packages(colcon_meta) check parameters
[2.948s] Level 1:colcon.colcon_core.package_discovery:discover_packages(recursive) check parameters
[2.948s] Level 1:colcon.colcon_core.package_discovery:discover_packages(ignore) check parameters
[2.948s] Level 1:colcon.colcon_core.package_discovery:discover_packages(path) check parameters
[2.948s] Level 1:colcon.colcon_core.package_discovery:discover_packages(colcon_meta) discover
[2.948s] Level 1:colcon.colcon_core.package_discovery:discover_packages(recursive) discover
[2.948s] INFO:colcon.colcon_core.package_discovery:Crawling recursively for packages in '/home/avani/sim_ws/src/lab-8-model-predictive-control-team3-1'
[2.949s] Level 1:colcon.colcon_core.package_identification:_identify(.) by extensions ['ignore', 'ignore_ament_install']
[2.949s] Level 1:colcon.colcon_core.package_identification:_identify(.) by extension 'ignore'
[2.949s] Level 1:colcon.colcon_core.package_identification:_identify(.) by extension 'ignore_ament_install'
[2.949s] Level 1:colcon.colcon_core.package_identification:_identify(.) by extensions ['colcon_pkg']
[2.949s] Level 1:colcon.colcon_core.package_identification:_identify(.) by extension 'colcon_pkg'
[2.949s] Level 1:colcon.colcon_core.package_identification:_identify(.) by extensions ['colcon_meta']
[2.949s] Level 1:colcon.colcon_core.package_identification:_identify(.) by extension 'colcon_meta'
[2.950s] Level 1:colcon.colcon_core.package_identification:_identify(.) by extensions ['ros']
[2.950s] Level 1:colcon.colcon_core.package_identification:_identify(.) by extension 'ros'
[3.022s] Level 1:colcon.colcon_core.package_identification:_identify(.) by extensions ['cmake', 'python']
[3.023s] Level 1:colcon.colcon_core.package_identification:_identify(.) by extension 'cmake'
[3.023s] Level 1:colcon.colcon_core.package_identification:_identify(.) by extension 'python'
[3.023s] Level 1:colcon.colcon_core.package_identification:_identify(.) by extensions ['python_setup_py']
[3.023s] Level 1:colcon.colcon_core.package_identification:_identify(.) by extension 'python_setup_py'
[3.024s] Level 1:colcon.colcon_core.package_identification:_identify(build) by extensions ['ignore', 'ignore_ament_install']
[3.025s] Level 1:colcon.colcon_core.package_identification:_identify(build) by extension 'ignore'
[3.025s] Level 1:colcon.colcon_core.package_identification:_identify(build) ignored
[3.026s] Level 1:colcon.colcon_core.package_identification:_identify(install) by extensions ['ignore', 'ignore_ament_install']
[3.027s] Level 1:colcon.colcon_core.package_identification:_identify(install) by extension 'ignore'
[3.027s] Level 1:colcon.colcon_core.package_identification:_identify(install) ignored
[3.028s] Level 1:colcon.colcon_core.package_identification:_identify(log) by extensions ['ignore', 'ignore_ament_install']
[3.028s] Level 1:colcon.colcon_core.package_identification:_identify(log) by extension 'ignore'
[3.029s] Level 1:colcon.colcon_core.package_identification:_identify(log) ignored
[3.029s] Level 1:colcon.colcon_core.package_identification:_identify(mpc) by extensions ['ignore', 'ignore_ament_install']
[3.030s] Level 1:colcon.colcon_core.package_identification:_identify(mpc) by extension 'ignore'
[3.030s] Level 1:colcon.colcon_core.package_identification:_identify(mpc) by extension 'ignore_ament_install'
[3.031s] Level 1:colcon.colcon_core.package_identification:_identify(mpc) by extensions ['colcon_pkg']
[3.031s] Level 1:colcon.colcon_core.package_identification:_identify(mpc) by extension 'colcon_pkg'
[3.031s] Level 1:colcon.colcon_core.package_identification:_identify(mpc) by extensions ['colcon_meta']
[3.032s] Level 1:colcon.colcon_core.package_identification:_identify(mpc) by extension 'colcon_meta'
[3.032s] Level 1:colcon.colcon_core.package_identification:_identify(mpc) by extensions ['ros']
[3.032s] Level 1:colcon.colcon_core.package_identification:_identify(mpc) by extension 'ros'
[3.048s] DEBUG:colcon.colcon_core.package_identification:Package 'mpc' with type 'ros.ament_cmake' and name 'mpc'
[3.048s] Level 1:colcon.colcon_core.package_discovery:discover_packages(recursive) using defaults
[3.049s] Level 1:colcon.colcon_core.package_discovery:discover_packages(ignore) discover
[3.049s] Level 1:colcon.colcon_core.package_discovery:discover_packages(ignore) using defaults
[3.049s] Level 1:colcon.colcon_core.package_discovery:discover_packages(path) discover
[3.049s] Level 1:colcon.colcon_core.package_discovery:discover_packages(path) using defaults
[3.183s] Level 1:colcon.colcon_core.package_discovery:discover_packages(prefix_path) check parameters
[3.184s] Level 1:colcon.colcon_core.package_discovery:discover_packages(prefix_path) discover
[3.220s] DEBUG:colcon.colcon_installed_package_information.package_discovery:Found 1 installed packages in /home/avani/sim_ws/src/lab-6-motion-planning-team3/install
[3.225s] DEBUG:colcon.colcon_installed_package_information.package_discovery:Found 2 installed packages in /home/avani/roboracer_ws/install
[3.245s] DEBUG:colcon.colcon_installed_package_information.package_discovery:Found 286 installed packages in /opt/ros/humble
[3.250s] Level 1:colcon.colcon_core.package_discovery:discover_packages(prefix_path) using defaults
[3.534s] Level 5:colcon.colcon_core.verb:set package 'mpc' build argument 'cmake_args' from command line to 'None'
[3.534s] Level 5:colcon.colcon_core.verb:set package 'mpc' build argument 'cmake_target' from command line to 'None'
[3.535s] Level 5:colcon.colcon_core.verb:set package 'mpc' build argument 'cmake_target_skip_unavailable' from command line to 'False'
[3.535s] Level 5:colcon.colcon_core.verb:set package 'mpc' build argument 'cmake_clean_cache' from command line to 'False'
[3.535s] Level 5:colcon.colcon_core.verb:set package 'mpc' build argument 'cmake_clean_first' from command line to 'False'
[3.535s] Level 5:colcon.colcon_core.verb:set package 'mpc' build argument 'cmake_force_configure' from command line to 'False'
[3.535s] Level 5:colcon.colcon_core.verb:set package 'mpc' build argument 'ament_cmake_args' from command line to 'None'
[3.536s] Level 5:colcon.colcon_core.verb:set package 'mpc' build argument 'catkin_cmake_args' from command line to 'None'
[3.536s] Level 5:colcon.colcon_core.verb:set package 'mpc' build argument 'catkin_skip_building_tests' from command line to 'False'
[3.536s] DEBUG:colcon.colcon_core.verb:Building package 'mpc' with the following arguments: {'ament_cmake_args': None, 'build_base': '/home/avani/sim_ws/src/lab-8-model-predictive-control-team3-1/build/mpc', 'catkin_cmake_args': None, 'catkin_skip_building_tests': False, 'cmake_args': None, 'cmake_clean_cache': False, 'cmake_clean_first': False, 'cmake_force_configure': False, 'cmake_target': None, 'cmake_target_skip_unavailable': False, 'install_base': '/home/avani/sim_ws/src/lab-8-model-predictive-control-team3-1/install/mpc', 'merge_install': False, 'path': '/home/avani/sim_ws/src/lab-8-model-predictive-control-team3-1/mpc', 'symlink_install': False, 'test_result_base': None}
[3.537s] INFO:colcon.colcon_core.executor:Executing jobs using 'parallel' executor
[3.541s] DEBUG:colcon.colcon_parallel_executor.executor.parallel:run_until_complete
[3.546s] INFO:colcon.colcon_ros.task.ament_cmake.build:Building ROS package in '/home/avani/sim_ws/src/lab-8-model-predictive-control-team3-1/mpc' with build type 'ament_cmake'
[3.546s] INFO:colcon.colcon_cmake.task.cmake.build:Building CMake package in '/home/avani/sim_ws/src/lab-8-model-predictive-control-team3-1/mpc'
[3.569s] INFO:colcon.colcon_core.plugin_system:Skipping extension 'colcon_core.shell.bat': Not used on non-Windows systems
[3.573s] INFO:colcon.colcon_core.shell:Skip shell extension 'powershell' for command environment: Not usable outside of PowerShell
[3.574s] DEBUG:colcon.colcon_core.shell:Skip shell extension 'dsv' for command environment
[3.649s] DEBUG:colcon.colcon_core.event_handler.log_command:Invoking command in '/home/avani/sim_ws/src/lab-8-model-predictive-control-team3-1/build/mpc': CMAKE_PREFIX_PATH=${CMAKE_PREFIX_PATH}:/home/avani/roboracer_ws/install/f1tenth_gym_ros:/opt/ros/humble /usr/bin/cmake /home/avani/sim_ws/src/lab-8-model-predictive-control-team3-1/mpc -DCMAKE_INSTALL_PREFIX=/home/avani/sim_ws/src/lab-8-model-predictive-control-team3-1/install/mpc
[17.403s] DEBUG:colcon.colcon_core.event_handler.log_command:Invoked command in '/home/avani/sim_ws/src/lab-8-model-predictive-control-team3-1/build/mpc' returned '1': CMAKE_PREFIX_PATH=${CMAKE_PREFIX_PATH}:/home/avani/roboracer_ws/install/f1tenth_gym_ros:/opt/ros/humble /usr/bin/cmake /home/avani/sim_ws/src/lab-8-model-predictive-control-team3-1/mpc -DCMAKE_INSTALL_PREFIX=/home/avani/sim_ws/src/lab-8-model-predictive-control-team3-1/install/mpc
[17.539s] Level 1:colcon.colcon_core.environment:create_environment_scripts_only(mpc)
[17.600s] Level 1:colcon.colcon_core.environment:checking '/home/avani/sim_ws/src/lab-8-model-predictive-control-team3-1/install/mpc' for CMake module files
[17.602s] Level 1:colcon.colcon_core.environment:checking '/home/avani/sim_ws/src/lab-8-model-predictive-control-team3-1/install/mpc' for CMake config files
[17.603s] Level 1:colcon.colcon_core.environment:checking '/home/avani/sim_ws/src/lab-8-model-predictive-control-team3-1/install/mpc/bin'
[17.603s] Level 1:colcon.colcon_core.environment:checking '/home/avani/sim_ws/src/lab-8-model-predictive-control-team3-1/install/mpc/lib/pkgconfig/mpc.pc'
[17.604s] Level 1:colcon.colcon_core.environment:checking '/home/avani/sim_ws/src/lab-8-model-predictive-control-team3-1/install/mpc/lib/python3.10/site-packages'
[17.605s] Level 1:colcon.colcon_core.environment:checking '/home/avani/sim_ws/src/lab-8-model-predictive-control-team3-1/install/mpc/bin'
[17.606s] INFO:colcon.colcon_core.shell:Creating package script '/home/avani/sim_ws/src/lab-8-model-predictive-control-team3-1/install/mpc/share/mpc/package.ps1'
[17.609s] INFO:colcon.colcon_core.shell:Creating package descriptor '/home/avani/sim_ws/src/lab-8-model-predictive-control-team3-1/install/mpc/share/mpc/package.dsv'
[17.611s] INFO:colcon.colcon_core.shell:Creating package script '/home/avani/sim_ws/src/lab-8-model-predictive-control-team3-1/install/mpc/share/mpc/package.sh'
[17.614s] INFO:colcon.colcon_core.shell:Creating package script '/home/avani/sim_ws/src/lab-8-model-predictive-control-team3-1/install/mpc/share/mpc/package.bash'
[17.617s] INFO:colcon.colcon_core.shell:Creating package script '/home/avani/sim_ws/src/lab-8-model-predictive-control-team3-1/install/mpc/share/mpc/package.zsh'
[17.620s] Level 1:colcon.colcon_core.environment:create_file_with_runtime_dependencies(/home/avani/sim_ws/src/lab-8-model-predictive-control-team3-1/install/mpc/share/colcon-core/packages/mpc)
[17.634s] DEBUG:colcon.colcon_parallel_executor.executor.parallel:closing loop
[17.635s] DEBUG:colcon.colcon_parallel_executor.executor.parallel:loop closed
[17.635s] DEBUG:colcon.colcon_parallel_executor.executor.parallel:run_until_complete finished with '1'
[17.635s] DEBUG:colcon.colcon_core.event_reactor:joining thread
[17.678s] INFO:colcon.colcon_core.plugin_system:Skipping extension 'colcon_notification.desktop_notification.terminal_notifier': Not used on non-Darwin systems
[17.678s] INFO:colcon.colcon_core.plugin_system:Skipping extension 'colcon_notification.desktop_notification.win32': Not used on non-Windows systems
[17.678s] INFO:colcon.colcon_notification.desktop_notification:Sending desktop notification using 'notify2'
[17.819s] DEBUG:colcon.colcon_core.event_reactor:joined thread
[17.821s] INFO:colcon.colcon_core.shell:Creating prefix script '/home/avani/sim_ws/src/lab-8-model-predictive-control-team3-1/install/local_setup.ps1'
[17.825s] INFO:colcon.colcon_core.shell:Creating prefix util module '/home/avani/sim_ws/src/lab-8-model-predictive-control-team3-1/install/_local_setup_util_ps1.py'
[17.829s] INFO:colcon.colcon_core.shell:Creating prefix chain script '/home/avani/sim_ws/src/lab-8-model-predictive-control-team3-1/install/setup.ps1'
[17.835s] INFO:colcon.colcon_core.shell:Creating prefix script '/home/avani/sim_ws/src/lab-8-model-predictive-control-team3-1/install/local_setup.sh'
[17.837s] INFO:colcon.colcon_core.shell:Creating prefix util module '/home/avani/sim_ws/src/lab-8-model-predictive-control-team3-1/install/_local_setup_util_sh.py'
[17.839s] INFO:colcon.colcon_core.shell:Creating prefix chain script '/home/avani/sim_ws/src/lab-8-model-predictive-control-team3-1/install/setup.sh'
[17.846s] INFO:colcon.colcon_core.shell:Creating prefix script '/home/avani/sim_ws/src/lab-8-model-predictive-control-team3-1/install/local_setup.bash'
[17.848s] INFO:colcon.colcon_core.shell:Creating prefix chain script '/home/avani/sim_ws/src/lab-8-model-predictive-control-team3-1/install/setup.bash'
[17.854s] INFO:colcon.colcon_core.shell:Creating prefix script '/home/avani/sim_ws/src/lab-8-model-predictive-control-team3-1/install/local_setup.zsh'
[17.857s] INFO:colcon.colcon_core.shell:Creating prefix chain script '/home/avani/sim_ws/src/lab-8-model-predictive-control-team3-1/install/setup.zsh'
