-- Found ament_cmake: 1.3.12 (/opt/ros/humble/share/ament_cmake/cmake)
-- Found rclcpp: 16.0.17 (/opt/ros/humble/share/rclcpp/cmake)
-- Found rosidl_generator_c: 3.1.8 (/opt/ros/humble/share/rosidl_generator_c/cmake)
-- Found rosidl_adapter: 3.1.8 (/opt/ros/humble/share/rosidl_adapter/cmake)
-- Found rosidl_generator_cpp: 3.1.8 (/opt/ros/humble/share/rosidl_generator_cpp/cmake)
-- Using all available rosidl_typesupport_c: rosidl_typesupport_fastrtps_c;rosidl_typesupport_introspection_c
-- Using all available rosidl_typesupport_cpp: rosidl_typesupport_fastrtps_cpp;rosidl_typesupport_introspection_cpp
-- Found rmw_implementation_cmake: 6.1.2 (/opt/ros/humble/share/rmw_implementation_cmake/cmake)
-- Found rmw_fastrtps_cpp: 6.2.9 (/opt/ros/humble/share/rmw_fastrtps_cpp/cmake)
-- Using RMW implementation 'rmw_fastrtps_cpp' as default
-- Found rclpy: 3.3.19 (/opt/ros/humble/share/rclpy/cmake)
-- Found geometry_msgs: 4.9.0 (/opt/ros/humble/share/geometry_msgs/cmake)
-- Found nav_msgs: 4.9.0 (/opt/ros/humble/share/nav_msgs/cmake)
-- Found ackermann_msgs: 2.0.2 (/opt/ros/humble/share/ackermann_msgs/cmake)
-- Found sensor_msgs: 4.9.0 (/opt/ros/humble/share/sensor_msgs/cmake)
-- Found visualization_msgs: 4.9.0 (/opt/ros/humble/share/visualization_msgs/cmake)
-- Found tf2: 0.25.18 (/opt/ros/humble/share/tf2/cmake)
-- Found tf2_ros: 0.25.18 (/opt/ros/humble/share/tf2_ros/cmake)
-- Found ament_lint_auto: 0.12.14 (/opt/ros/humble/share/ament_lint_auto/cmake)
-- Added test 'copyright' to check source files copyright and LICENSE
-- Added test 'cppcheck' to perform static code analysis on C / C++ code
-- Configured cppcheck include dirs: /home/avani/sim_ws/src/lab-8-model-predictive-control-team3-1/mpc/include
-- Configured cppcheck exclude dirs and/or files: 
-- Added test 'cpplint' to check C / C++ code against the Google style
-- Configured cpplint exclude dirs and/or files: 
-- Added test 'flake8' to check Python code syntax and style conventions
-- Added test 'lint_cmake' to check CMake code style
-- Added test 'pep257' to check Python code against some of the docstring style conventions in PEP 257
-- Added test 'uncrustify' to check C / C++ code style
-- Configured uncrustify additional arguments: 
-- Added test 'xmllint' to check XML markup files
-- Configuring done
-- Generating done
-- Build files have been written to: /home/avani/sim_ws/src/lab-8-model-predictive-control-team3-1/build/mpc
Built target ament_cmake_python_copy_mpc_setup
Built target ament_cmake_python_copy_mpc
running egg_info
creating mpc.egg-info
writing mpc.egg-info/PKG-INFO
writing dependency_links to mpc.egg-info/dependency_links.txt
writing top-level names to mpc.egg-info/top_level.txt
writing manifest file 'mpc.egg-info/SOURCES.txt'
reading manifest file 'mpc.egg-info/SOURCES.txt'
writing manifest file 'mpc.egg-info/SOURCES.txt'
Built target ament_cmake_python_build_mpc_egg
-- Install configuration: ""
-- Installing: /home/avani/sim_ws/src/lab-8-model-predictive-control-team3-1/install/mpc/share/mpc/environment/pythonpath.sh
-- Installing: /home/avani/sim_ws/src/lab-8-model-predictive-control-team3-1/install/mpc/share/mpc/environment/pythonpath.dsv
-- Installing: /home/avani/sim_ws/src/lab-8-model-predictive-control-team3-1/install/mpc/local/lib/python3.10/dist-packages/mpc-0.0.0-py3.10.egg-info
-- Installing: /home/avani/sim_ws/src/lab-8-model-predictive-control-team3-1/install/mpc/local/lib/python3.10/dist-packages/mpc-0.0.0-py3.10.egg-info/SOURCES.txt
-- Installing: /home/avani/sim_ws/src/lab-8-model-predictive-control-team3-1/install/mpc/local/lib/python3.10/dist-packages/mpc-0.0.0-py3.10.egg-info/dependency_links.txt
-- Installing: /home/avani/sim_ws/src/lab-8-model-predictive-control-team3-1/install/mpc/local/lib/python3.10/dist-packages/mpc-0.0.0-py3.10.egg-info/PKG-INFO
-- Installing: /home/avani/sim_ws/src/lab-8-model-predictive-control-team3-1/install/mpc/local/lib/python3.10/dist-packages/mpc-0.0.0-py3.10.egg-info/top_level.txt
-- Installing: /home/avani/sim_ws/src/lab-8-model-predictive-control-team3-1/install/mpc/local/lib/python3.10/dist-packages/mpc
-- Installing: /home/avani/sim_ws/src/lab-8-model-predictive-control-team3-1/install/mpc/local/lib/python3.10/dist-packages/mpc/__init__.py
Listing '/home/avani/sim_ws/src/lab-8-model-predictive-control-team3-1/install/mpc/local/lib/python3.10/dist-packages/mpc'...
Compiling '/home/avani/sim_ws/src/lab-8-model-predictive-control-team3-1/install/mpc/local/lib/python3.10/dist-packages/mpc/__init__.py'...
-- Installing: /home/avani/sim_ws/src/lab-8-model-predictive-control-team3-1/install/mpc/lib/mpc/mpc_node.py
-- Installing: /home/avani/sim_ws/src/lab-8-model-predictive-control-team3-1/install/mpc/lib/mpc/utils.py
-- Installing: /home/avani/sim_ws/src/lab-8-model-predictive-control-team3-1/install/mpc/share/ament_index/resource_index/package_run_dependencies/mpc
-- Installing: /home/avani/sim_ws/src/lab-8-model-predictive-control-team3-1/install/mpc/share/ament_index/resource_index/parent_prefix_path/mpc
-- Installing: /home/avani/sim_ws/src/lab-8-model-predictive-control-team3-1/install/mpc/share/mpc/environment/ament_prefix_path.sh
-- Installing: /home/avani/sim_ws/src/lab-8-model-predictive-control-team3-1/install/mpc/share/mpc/environment/ament_prefix_path.dsv
-- Installing: /home/avani/sim_ws/src/lab-8-model-predictive-control-team3-1/install/mpc/share/mpc/environment/path.sh
-- Installing: /home/avani/sim_ws/src/lab-8-model-predictive-control-team3-1/install/mpc/share/mpc/environment/path.dsv
-- Installing: /home/avani/sim_ws/src/lab-8-model-predictive-control-team3-1/install/mpc/share/mpc/local_setup.bash
-- Installing: /home/avani/sim_ws/src/lab-8-model-predictive-control-team3-1/install/mpc/share/mpc/local_setup.sh
-- Installing: /home/avani/sim_ws/src/lab-8-model-predictive-control-team3-1/install/mpc/share/mpc/local_setup.zsh
-- Installing: /home/avani/sim_ws/src/lab-8-model-predictive-control-team3-1/install/mpc/share/mpc/local_setup.dsv
-- Installing: /home/avani/sim_ws/src/lab-8-model-predictive-control-team3-1/install/mpc/share/mpc/package.dsv
-- Installing: /home/avani/sim_ws/src/lab-8-model-predictive-control-team3-1/install/mpc/share/ament_index/resource_index/packages/mpc
-- Installing: /home/avani/sim_ws/src/lab-8-model-predictive-control-team3-1/install/mpc/share/mpc/cmake/mpcConfig.cmake
-- Installing: /home/avani/sim_ws/src/lab-8-model-predictive-control-team3-1/install/mpc/share/mpc/cmake/mpcConfig-version.cmake
-- Installing: /home/avani/sim_ws/src/lab-8-model-predictive-control-team3-1/install/mpc/share/mpc/package.xml
