[0.095s] Invoking command in '/home/avani/sim_ws/src/lab-8-model-predictive-control-team3-1/build/mpc': CMAKE_PREFIX_PATH=${CMAKE_PREFIX_PATH}:/home/avani/sim_ws/install/f1tenth_gym_ros:/home/avani/roboracer_ws/install/f1tenth_gym_ros:/opt/ros/humble /usr/bin/cmake --build /home/avani/sim_ws/src/lab-8-model-predictive-control-team3-1/build/mpc -- -j4 -l4
[0.362s] Built target ament_cmake_python_copy_mpc_setup
[0.509s] Built target ament_cmake_python_copy_mpc
[1.216s] running egg_info
[1.218s] writing mpc.egg-info/PKG-INFO
[1.243s] writing dependency_links to mpc.egg-info/dependency_links.txt
[1.248s] writing top-level names to mpc.egg-info/top_level.txt
[1.250s] reading manifest file 'mpc.egg-info/SOURCES.txt'
[1.250s] writing manifest file 'mpc.egg-info/SOURCES.txt'
[1.311s] Built target ament_cmake_python_build_mpc_egg
[1.371s] Invoked command in '/home/avani/sim_ws/src/lab-8-model-predictive-control-team3-1/build/mpc' returned '0': CMAKE_PREFIX_PATH=${CMAKE_PREFIX_PATH}:/home/avani/sim_ws/install/f1tenth_gym_ros:/home/avani/roboracer_ws/install/f1tenth_gym_ros:/opt/ros/humble /usr/bin/cmake --build /home/avani/sim_ws/src/lab-8-model-predictive-control-team3-1/build/mpc -- -j4 -l4
[1.426s] Invoking command in '/home/avani/sim_ws/src/lab-8-model-predictive-control-team3-1/build/mpc': CMAKE_PREFIX_PATH=${CMAKE_PREFIX_PATH}:/home/avani/sim_ws/install/f1tenth_gym_ros:/home/avani/roboracer_ws/install/f1tenth_gym_ros:/opt/ros/humble /usr/bin/cmake --install /home/avani/sim_ws/src/lab-8-model-predictive-control-team3-1/build/mpc
[1.467s] -- Install configuration: ""
[1.468s] -- Up-to-date: /home/avani/sim_ws/src/lab-8-model-predictive-control-team3-1/install/mpc/share/mpc/environment/pythonpath.sh
[1.470s] -- Up-to-date: /home/avani/sim_ws/src/lab-8-model-predictive-control-team3-1/install/mpc/share/mpc/environment/pythonpath.dsv
[1.470s] -- Up-to-date: /home/avani/sim_ws/src/lab-8-model-predictive-control-team3-1/install/mpc/local/lib/python3.10/dist-packages/mpc-0.0.0-py3.10.egg-info
[1.470s] -- Installing: /home/avani/sim_ws/src/lab-8-model-predictive-control-team3-1/install/mpc/local/lib/python3.10/dist-packages/mpc-0.0.0-py3.10.egg-info/SOURCES.txt
[1.472s] -- Installing: /home/avani/sim_ws/src/lab-8-model-predictive-control-team3-1/install/mpc/local/lib/python3.10/dist-packages/mpc-0.0.0-py3.10.egg-info/dependency_links.txt
[1.477s] -- Installing: /home/avani/sim_ws/src/lab-8-model-predictive-control-team3-1/install/mpc/local/lib/python3.10/dist-packages/mpc-0.0.0-py3.10.egg-info/PKG-INFO
[1.477s] -- Installing: /home/avani/sim_ws/src/lab-8-model-predictive-control-team3-1/install/mpc/local/lib/python3.10/dist-packages/mpc-0.0.0-py3.10.egg-info/top_level.txt
[1.477s] -- Up-to-date: /home/avani/sim_ws/src/lab-8-model-predictive-control-team3-1/install/mpc/local/lib/python3.10/dist-packages/mpc
[1.477s] -- Up-to-date: /home/avani/sim_ws/src/lab-8-model-predictive-control-team3-1/install/mpc/local/lib/python3.10/dist-packages/mpc/__init__.py
[1.563s] Listing '/home/avani/sim_ws/src/lab-8-model-predictive-control-team3-1/install/mpc/local/lib/python3.10/dist-packages/mpc'...
[1.569s] -- Installing: /home/avani/sim_ws/src/lab-8-model-predictive-control-team3-1/install/mpc/lib/mpc/mpc_node.py
[1.569s] -- Up-to-date: /home/avani/sim_ws/src/lab-8-model-predictive-control-team3-1/install/mpc/lib/mpc/utils.py
[1.572s] -- Up-to-date: /home/avani/sim_ws/src/lab-8-model-predictive-control-team3-1/install/mpc/share/ament_index/resource_index/package_run_dependencies/mpc
[1.573s] -- Up-to-date: /home/avani/sim_ws/src/lab-8-model-predictive-control-team3-1/install/mpc/share/ament_index/resource_index/parent_prefix_path/mpc
[1.573s] -- Up-to-date: /home/avani/sim_ws/src/lab-8-model-predictive-control-team3-1/install/mpc/share/mpc/environment/ament_prefix_path.sh
[1.573s] -- Up-to-date: /home/avani/sim_ws/src/lab-8-model-predictive-control-team3-1/install/mpc/share/mpc/environment/ament_prefix_path.dsv
[1.575s] -- Up-to-date: /home/avani/sim_ws/src/lab-8-model-predictive-control-team3-1/install/mpc/share/mpc/environment/path.sh
[1.575s] -- Up-to-date: /home/avani/sim_ws/src/lab-8-model-predictive-control-team3-1/install/mpc/share/mpc/environment/path.dsv
[1.575s] -- Up-to-date: /home/avani/sim_ws/src/lab-8-model-predictive-control-team3-1/install/mpc/share/mpc/local_setup.bash
[1.576s] -- Up-to-date: /home/avani/sim_ws/src/lab-8-model-predictive-control-team3-1/install/mpc/share/mpc/local_setup.sh
[1.576s] -- Up-to-date: /home/avani/sim_ws/src/lab-8-model-predictive-control-team3-1/install/mpc/share/mpc/local_setup.zsh
[1.577s] -- Up-to-date: /home/avani/sim_ws/src/lab-8-model-predictive-control-team3-1/install/mpc/share/mpc/local_setup.dsv
[1.579s] -- Installing: /home/avani/sim_ws/src/lab-8-model-predictive-control-team3-1/install/mpc/share/mpc/package.dsv
[1.579s] -- Up-to-date: /home/avani/sim_ws/src/lab-8-model-predictive-control-team3-1/install/mpc/share/ament_index/resource_index/packages/mpc
[1.580s] -- Up-to-date: /home/avani/sim_ws/src/lab-8-model-predictive-control-team3-1/install/mpc/share/mpc/cmake/mpcConfig.cmake
[1.580s] -- Up-to-date: /home/avani/sim_ws/src/lab-8-model-predictive-control-team3-1/install/mpc/share/mpc/cmake/mpcConfig-version.cmake
[1.580s] -- Up-to-date: /home/avani/sim_ws/src/lab-8-model-predictive-control-team3-1/install/mpc/share/mpc/package.xml
[1.611s] Invoked command in '/home/avani/sim_ws/src/lab-8-model-predictive-control-team3-1/build/mpc' returned '0': CMAKE_PREFIX_PATH=${CMAKE_PREFIX_PATH}:/home/avani/sim_ws/install/f1tenth_gym_ros:/home/avani/roboracer_ws/install/f1tenth_gym_ros:/opt/ros/humble /usr/bin/cmake --install /home/avani/sim_ws/src/lab-8-model-predictive-control-team3-1/build/mpc
