[0.080s] Invoking command in '/home/avani/sim_ws/src/lab-8-model-predictive-control-team3-1/build/mpc': CMAKE_PREFIX_PATH=${CMAKE_PREFIX_PATH}:/home/avani/roboracer_ws/install/f1tenth_gym_ros:/opt/ros/humble /usr/bin/cmake /home/avani/sim_ws/src/lab-8-model-predictive-control-team3-1/mpc -DCMAKE_INSTALL_PREFIX=/home/avani/sim_ws/src/lab-8-model-predictive-control-team3-1/install/mpc
[0.200s] -- Found ament_cmake: 1.3.12 (/opt/ros/humble/share/ament_cmake/cmake)
[1.007s] -- Found rclcpp: 16.0.17 (/opt/ros/humble/share/rclcpp/cmake)
[1.186s] -- Found rosidl_generator_c: 3.1.8 (/opt/ros/humble/share/rosidl_generator_c/cmake)
[1.204s] -- Found rosidl_adapter: 3.1.8 (/opt/ros/humble/share/rosidl_adapter/cmake)
[1.254s] -- Found rosidl_generator_cpp: 3.1.8 (/opt/ros/humble/share/rosidl_generator_cpp/cmake)
[1.318s] -- Using all available rosidl_typesupport_c: rosidl_typesupport_fastrtps_c;rosidl_typesupport_introspection_c
[1.394s] -- Using all available rosidl_typesupport_cpp: rosidl_typesupport_fastrtps_cpp;rosidl_typesupport_introspection_cpp
[1.595s] -- Found rmw_implementation_cmake: 6.1.2 (/opt/ros/humble/share/rmw_implementation_cmake/cmake)
[1.604s] -- Found rmw_fastrtps_cpp: 6.2.9 (/opt/ros/humble/share/rmw_fastrtps_cpp/cmake)
[2.174s] -- Using RMW implementation 'rmw_fastrtps_cpp' as default
[2.377s] -- Found rclpy: 3.3.19 (/opt/ros/humble/share/rclpy/cmake)
[2.378s] -- Found geometry_msgs: 4.9.0 (/opt/ros/humble/share/geometry_msgs/cmake)
[2.429s] -- Found nav_msgs: 4.9.0 (/opt/ros/humble/share/nav_msgs/cmake)
[2.510s] -- Found ackermann_msgs: 2.0.2 (/opt/ros/humble/share/ackermann_msgs/cmake)
[2.558s] -- Found sensor_msgs: 4.9.0 (/opt/ros/humble/share/sensor_msgs/cmake)
[2.621s] -- Found visualization_msgs: 4.9.0 (/opt/ros/humble/share/visualization_msgs/cmake)
[2.691s] -- Found tf2: 0.25.18 (/opt/ros/humble/share/tf2/cmake)
[2.716s] -- Found tf2_ros: 0.25.18 (/opt/ros/humble/share/tf2_ros/cmake)
[3.120s] [31mCMake Error at CMakeLists.txt:33 (find_package):
[3.122s]   By not providing "FindOsqpEigen.cmake" in CMAKE_MODULE_PATH this project
[3.123s]   has asked CMake to find a package configuration file provided by
[3.123s]   "OsqpEigen", but CMake did not find one.
[3.124s] 
[3.124s]   Could not find a package configuration file provided by "OsqpEigen" with
[3.125s]   any of the following names:
[3.125s] 
[3.126s]     OsqpEigenConfig.cmake
[3.126s]     osqpeigen-config.cmake
[3.127s] 
[3.127s]   Add the installation prefix of "OsqpEigen" to CMAKE_PREFIX_PATH or set
[3.127s]   "OsqpEigen_DIR" to a directory containing one of the above files.  If
[3.128s]   "OsqpEigen" provides a separate development package or SDK, be sure it has
[3.128s]   been installed.
[3.129s] 
[3.129s] [0m
[3.130s] -- Configuring incomplete, errors occurred!
[3.130s] See also "/home/avani/sim_ws/src/lab-8-model-predictive-control-team3-1/build/mpc/CMakeFiles/CMakeOutput.log".
[3.161s] Invoked command in '/home/avani/sim_ws/src/lab-8-model-predictive-control-team3-1/build/mpc' returned '1': CMAKE_PREFIX_PATH=${CMAKE_PREFIX_PATH}:/home/avani/roboracer_ws/install/f1tenth_gym_ros:/opt/ros/humble /usr/bin/cmake /home/avani/sim_ws/src/lab-8-model-predictive-control-team3-1/mpc -DCMAKE_INSTALL_PREFIX=/home/avani/sim_ws/src/lab-8-model-predictive-control-team3-1/install/mpc
