[0.100s] Invoking command in '/home/avani/sim_ws/src/lab-8-model-predictive-control-team3-1/build/mpc': CMAKE_PREFIX_PATH=${CMAKE_PREFIX_PATH}:/home/avani/roboracer_ws/install/f1tenth_gym_ros:/opt/ros/humble /usr/bin/cmake /home/avani/sim_ws/src/lab-8-model-predictive-control-team3-1/mpc -DCMAKE_INSTALL_PREFIX=/home/avani/sim_ws/src/lab-8-model-predictive-control-team3-1/install/mpc
[1.191s] -- The C compiler identification is GNU 11.4.0
[2.334s] -- The CXX compiler identification is GNU 11.4.0
[2.498s] -- Detecting C compiler ABI info
[3.371s] -- Detecting C compiler ABI info - done
[3.388s] -- Check for working C compiler: /usr/bin/cc - skipped
[3.419s] -- Detecting C compile features
[3.424s] -- Detecting C compile features - done
[3.462s] -- Detecting CXX compiler ABI info
[4.363s] -- Detecting CXX compiler ABI info - done
[4.384s] -- Check for working CXX compiler: /usr/bin/c++ - skipped
[4.387s] -- Detecting CXX compile features
[4.392s] -- Detecting CXX compile features - done
[4.554s] -- Found ament_cmake: 1.3.12 (/opt/ros/humble/share/ament_cmake/cmake)
[5.713s] -- Found Python3: /usr/bin/python3 (found version "3.10.12") found components: Interpreter 
[6.699s] -- Found rclcpp: 16.0.17 (/opt/ros/humble/share/rclcpp/cmake)
[7.199s] -- Found rosidl_generator_c: 3.1.8 (/opt/ros/humble/share/rosidl_generator_c/cmake)
[7.280s] -- Found rosidl_adapter: 3.1.8 (/opt/ros/humble/share/rosidl_adapter/cmake)
[7.389s] -- Found rosidl_generator_cpp: 3.1.8 (/opt/ros/humble/share/rosidl_generator_cpp/cmake)
[7.578s] -- Using all available rosidl_typesupport_c: rosidl_typesupport_fastrtps_c;rosidl_typesupport_introspection_c
[7.777s] -- Using all available rosidl_typesupport_cpp: rosidl_typesupport_fastrtps_cpp;rosidl_typesupport_introspection_cpp
[8.348s] -- Found rmw_implementation_cmake: 6.1.2 (/opt/ros/humble/share/rmw_implementation_cmake/cmake)
[8.384s] -- Found rmw_fastrtps_cpp: 6.2.9 (/opt/ros/humble/share/rmw_fastrtps_cpp/cmake)
[9.374s] -- Found OpenSSL: /usr/lib/x86_64-linux-gnu/libcrypto.so (found version "3.0.2")  
[9.596s] -- Found FastRTPS: /opt/ros/humble/include  
[9.880s] -- Using RMW implementation 'rmw_fastrtps_cpp' as default
[10.056s] -- Looking for pthread.h
[10.884s] -- Looking for pthread.h - found
[10.888s] -- Performing Test CMAKE_HAVE_LIBC_PTHREAD
[11.605s] -- Performing Test CMAKE_HAVE_LIBC_PTHREAD - Success
[11.616s] -- Found Threads: TRUE  
[12.106s] -- Found rclpy: 3.3.19 (/opt/ros/humble/share/rclpy/cmake)
[12.129s] -- Found geometry_msgs: 4.9.0 (/opt/ros/humble/share/geometry_msgs/cmake)
[12.256s] -- Found nav_msgs: 4.9.0 (/opt/ros/humble/share/nav_msgs/cmake)
[12.401s] -- Found ackermann_msgs: 2.0.2 (/opt/ros/humble/share/ackermann_msgs/cmake)
[12.516s] -- Found sensor_msgs: 4.9.0 (/opt/ros/humble/share/sensor_msgs/cmake)
[12.631s] -- Found visualization_msgs: 4.9.0 (/opt/ros/humble/share/visualization_msgs/cmake)
[12.842s] -- Found tf2: 0.25.18 (/opt/ros/humble/share/tf2/cmake)
[12.943s] -- Found tf2_ros: 0.25.18 (/opt/ros/humble/share/tf2_ros/cmake)
[13.796s] [31mCMake Error at CMakeLists.txt:33 (find_package):
[13.796s]   By not providing "FindOsqpEigen.cmake" in CMAKE_MODULE_PATH this project
[13.797s]   has asked CMake to find a package configuration file provided by
[13.797s]   "OsqpEigen", but CMake did not find one.
[13.798s] 
[13.799s]   Could not find a package configuration file provided by "OsqpEigen" with
[13.800s]   any of the following names:
[13.800s] 
[13.801s]     OsqpEigenConfig.cmake
[13.801s]     osqpeigen-config.cmake
[13.802s] 
[13.802s]   Add the installation prefix of "OsqpEigen" to CMAKE_PREFIX_PATH or set
[13.803s]   "OsqpEigen_DIR" to a directory containing one of the above files.  If
[13.803s]   "OsqpEigen" provides a separate development package or SDK, be sure it has
[13.803s]   been installed.
[13.804s] 
[13.804s] [0m
[13.805s] -- Configuring incomplete, errors occurred!
[13.805s] See also "/home/avani/sim_ws/src/lab-8-model-predictive-control-team3-1/build/mpc/CMakeFiles/CMakeOutput.log".
[13.854s] Invoked command in '/home/avani/sim_ws/src/lab-8-model-predictive-control-team3-1/build/mpc' returned '1': CMAKE_PREFIX_PATH=${CMAKE_PREFIX_PATH}:/home/avani/roboracer_ws/install/f1tenth_gym_ros:/opt/ros/humble /usr/bin/cmake /home/avani/sim_ws/src/lab-8-model-predictive-control-team3-1/mpc -DCMAKE_INSTALL_PREFIX=/home/avani/sim_ws/src/lab-8-model-predictive-control-team3-1/install/mpc
