[0.057s] Invoking command in '/home/avani/sim_ws/src/lab-8-model-predictive-control-team3-1/build/mpc': CMAKE_PREFIX_PATH=${CMAKE_PREFIX_PATH}:/home/avani/roboracer_ws/install/f1tenth_gym_ros:/opt/ros/humble /usr/bin/cmake /home/avani/sim_ws/src/lab-8-model-predictive-control-team3-1/mpc -DCMAKE_INSTALL_PREFIX=/home/avani/sim_ws/src/lab-8-model-predictive-control-team3-1/install/mpc
[0.098s] -- Found ament_cmake: 1.3.12 (/opt/ros/humble/share/ament_cmake/cmake)
[0.364s] -- Found rclcpp: 16.0.17 (/opt/ros/humble/share/rclcpp/cmake)
[0.430s] -- Found rosidl_generator_c: 3.1.8 (/opt/ros/humble/share/rosidl_generator_c/cmake)
[0.435s] -- Found rosidl_adapter: 3.1.8 (/opt/ros/humble/share/rosidl_adapter/cmake)
[0.452s] -- Found rosidl_generator_cpp: 3.1.8 (/opt/ros/humble/share/rosidl_generator_cpp/cmake)
[0.474s] -- Using all available rosidl_typesupport_c: rosidl_typesupport_fastrtps_c;rosidl_typesupport_introspection_c
[0.577s] -- Using all available rosidl_typesupport_cpp: rosidl_typesupport_fastrtps_cpp;rosidl_typesupport_introspection_cpp
[0.789s] -- Found rmw_implementation_cmake: 6.1.2 (/opt/ros/humble/share/rmw_implementation_cmake/cmake)
[0.800s] -- Found rmw_fastrtps_cpp: 6.2.9 (/opt/ros/humble/share/rmw_fastrtps_cpp/cmake)
[1.447s] -- Using RMW implementation 'rmw_fastrtps_cpp' as default
[1.707s] -- Found rclpy: 3.3.19 (/opt/ros/humble/share/rclpy/cmake)
[1.714s] -- Found geometry_msgs: 4.9.0 (/opt/ros/humble/share/geometry_msgs/cmake)
[1.771s] -- Found nav_msgs: 4.9.0 (/opt/ros/humble/share/nav_msgs/cmake)
[1.870s] -- Found ackermann_msgs: 2.0.2 (/opt/ros/humble/share/ackermann_msgs/cmake)
[1.936s] -- Found sensor_msgs: 4.9.0 (/opt/ros/humble/share/sensor_msgs/cmake)
[2.013s] -- Found visualization_msgs: 4.9.0 (/opt/ros/humble/share/visualization_msgs/cmake)
[2.099s] -- Found tf2: 0.25.18 (/opt/ros/humble/share/tf2/cmake)
[2.129s] -- Found tf2_ros: 0.25.18 (/opt/ros/humble/share/tf2_ros/cmake)
[2.575s] [31mCMake Error at CMakeLists.txt:33 (find_package):
[2.585s]   By not providing "FindOsqpEigen.cmake" in CMAKE_MODULE_PATH this project
[2.586s]   has asked CMake to find a package configuration file provided by
[2.586s]   "OsqpEigen", but CMake did not find one.
[2.590s] 
[2.590s]   Could not find a package configuration file provided by "OsqpEigen" with
[2.591s] -- Configuring incomplete, errors occurred!
[2.594s] See also "/home/avani/sim_ws/src/lab-8-model-predictive-control-team3-1/build/mpc/CMakeFiles/CMakeOutput.log".
[2.594s]   any of the following names:
[2.595s] 
[2.595s]     OsqpEigenConfig.cmake
[2.595s]     osqpeigen-config.cmake
[2.596s] 
[2.596s]   Add the installation prefix of "OsqpEigen" to CMAKE_PREFIX_PATH or set
[2.597s]   "OsqpEigen_DIR" to a directory containing one of the above files.  If
[2.598s]   "OsqpEigen" provides a separate development package or SDK, be sure it has
[2.598s]   been installed.
[2.599s] 
[2.599s] [0m
[2.625s] Invoked command in '/home/avani/sim_ws/src/lab-8-model-predictive-control-team3-1/build/mpc' returned '1': CMAKE_PREFIX_PATH=${CMAKE_PREFIX_PATH}:/home/avani/roboracer_ws/install/f1tenth_gym_ros:/opt/ros/humble /usr/bin/cmake /home/avani/sim_ws/src/lab-8-model-predictive-control-team3-1/mpc -DCMAKE_INSTALL_PREFIX=/home/avani/sim_ws/src/lab-8-model-predictive-control-team3-1/install/mpc
