[0.031s] Invoking command in '/home/avani/sim_ws/src/lab-8-model-predictive-control-team3-1/build/mpc': CMAKE_PREFIX_PATH=${CMAKE_PREFIX_PATH}:/home/avani/roboracer_ws/install/f1tenth_gym_ros:/opt/ros/humble /usr/bin/cmake /home/avani/sim_ws/src/lab-8-model-predictive-control-team3-1/mpc -DCMAKE_INSTALL_PREFIX=/home/avani/sim_ws/src/lab-8-model-predictive-control-team3-1/install/mpc
[0.072s] -- Found ament_cmake: 1.3.12 (/opt/ros/humble/share/ament_cmake/cmake)
[0.470s] -- Found rclcpp: 16.0.17 (/opt/ros/humble/share/rclcpp/cmake)
[0.540s] -- Found rosidl_generator_c: 3.1.8 (/opt/ros/humble/share/rosidl_generator_c/cmake)
[0.549s] -- Found rosidl_adapter: 3.1.8 (/opt/ros/humble/share/rosidl_adapter/cmake)
[0.565s] -- Found rosidl_generator_cpp: 3.1.8 (/opt/ros/humble/share/rosidl_generator_cpp/cmake)
[0.593s] -- Using all available rosidl_typesupport_c: rosidl_typesupport_fastrtps_c;rosidl_typesupport_introspection_c
[0.627s] -- Using all available rosidl_typesupport_cpp: rosidl_typesupport_fastrtps_cpp;rosidl_typesupport_introspection_cpp
[0.705s] -- Found rmw_implementation_cmake: 6.1.2 (/opt/ros/humble/share/rmw_implementation_cmake/cmake)
[0.708s] -- Found rmw_fastrtps_cpp: 6.2.9 (/opt/ros/humble/share/rmw_fastrtps_cpp/cmake)
[1.003s] -- Using RMW implementation 'rmw_fastrtps_cpp' as default
[1.101s] -- Found rclpy: 3.3.19 (/opt/ros/humble/share/rclpy/cmake)
[1.102s] -- Found geometry_msgs: 4.9.0 (/opt/ros/humble/share/geometry_msgs/cmake)
[1.122s] -- Found nav_msgs: 4.9.0 (/opt/ros/humble/share/nav_msgs/cmake)
[1.156s] -- Found ackermann_msgs: 2.0.2 (/opt/ros/humble/share/ackermann_msgs/cmake)
[1.175s] -- Found sensor_msgs: 4.9.0 (/opt/ros/humble/share/sensor_msgs/cmake)
[1.199s] -- Found visualization_msgs: 4.9.0 (/opt/ros/humble/share/visualization_msgs/cmake)
[1.232s] -- Found tf2: 0.25.18 (/opt/ros/humble/share/tf2/cmake)
[1.244s] -- Found tf2_ros: 0.25.18 (/opt/ros/humble/share/tf2_ros/cmake)
[1.591s] -- Found ament_lint_auto: 0.12.14 (/opt/ros/humble/share/ament_lint_auto/cmake)
[1.826s] -- Added test 'copyright' to check source files copyright and LICENSE
[1.834s] -- Added test 'cppcheck' to perform static code analysis on C / C++ code
[1.836s] -- Configured cppcheck include dirs: /home/avani/sim_ws/src/lab-8-model-predictive-control-team3-1/mpc/include;$<BUILD_INTERFACE:/home/avani/sim_ws/src/lab-8-model-predictive-control-team3-1/mpc/include>
[1.836s] -- Configured cppcheck exclude dirs and/or files: 
[1.843s] -- Added test 'cpplint' to check C / C++ code against the Google style
[1.843s] -- Configured cpplint exclude dirs and/or files: 
[1.846s] -- Added test 'flake8' to check Python code syntax and style conventions
[1.849s] -- Added test 'lint_cmake' to check CMake code style
[1.852s] -- Added test 'pep257' to check Python code against some of the docstring style conventions in PEP 257
[1.859s] -- Added test 'uncrustify' to check C / C++ code style
[1.860s] -- Configured uncrustify additional arguments: 
[1.863s] -- Added test 'xmllint' to check XML markup files
[1.869s] -- Configuring done
[1.893s] [31mCMake Error at CMakeLists.txt:42 (add_executable):
[1.893s]   Target "mpc_node" links to target "OsqpEigen::OsqpEigen" but the target was
[1.893s]   not found.  Perhaps a find_package() call is missing for an IMPORTED
[1.893s]   target, or an ALIAS target is missing?
[1.893s] 
[1.894s] [0m
[1.921s] -- Generating done
[1.922s] [0mCMake Generate step failed.  Build files cannot be regenerated correctly.[0m
[1.944s] Invoked command in '/home/avani/sim_ws/src/lab-8-model-predictive-control-team3-1/build/mpc' returned '1': CMAKE_PREFIX_PATH=${CMAKE_PREFIX_PATH}:/home/avani/roboracer_ws/install/f1tenth_gym_ros:/opt/ros/humble /usr/bin/cmake /home/avani/sim_ws/src/lab-8-model-predictive-control-team3-1/mpc -DCMAKE_INSTALL_PREFIX=/home/avani/sim_ws/src/lab-8-model-predictive-control-team3-1/install/mpc
