[0.305s] DEBUG:colcon:Command line arguments: ['/usr/bin/colcon', 'build']
[0.305s] DEBUG:colcon:Parsed command line arguments: Namespace(log_base=None, log_level=None, verb_name='build', build_base='build', install_base='install', merge_install=False, symlink_install=False, test_result_base=None, continue_on_error=False, executor='parallel', parallel_workers=4, event_handlers=None, ignore_user_meta=False, metas=['./colcon.meta'], base_paths=['.'], packages_ignore=None, packages_ignore_regex=None, paths=None, packages_up_to=None, packages_up_to_regex=None, packages_above=None, packages_above_and_dependencies=None, packages_above_depth=None, packages_select_by_dep=None, packages_skip_by_dep=None, packages_skip_up_to=None, packages_select_build_failed=False, packages_skip_build_finished=False, packages_select_test_failures=False, packages_skip_test_passed=False, packages_select=None, packages_skip=None, packages_select_regex=None, packages_skip_regex=None, packages_start=None, packages_end=None, allow_overriding=[], cmake_args=None, cmake_target=None, cmake_target_skip_unavailable=False, cmake_clean_cache=False, cmake_clean_first=False, cmake_force_configure=False, ament_cmake_args=None, catkin_cmake_args=None, catkin_skip_building_tests=False, mixin_files=None, mixin=None, verb_parser=<colcon_mixin.mixin.mixin_argument.MixinArgumentDecorator object at 0x7e8c3476e590>, verb_extension=<colcon_core.verb.build.BuildVerb object at 0x7e8c3476dfc0>, main=<bound method BuildVerb.main of <colcon_core.verb.build.BuildVerb object at 0x7e8c3476dfc0>>, mixin_verb=('build',))
[0.772s] Level 1:colcon.colcon_core.package_discovery:discover_packages(colcon_meta) check parameters
[0.773s] Level 1:colcon.colcon_core.package_discovery:discover_packages(recursive) check parameters
[0.773s] Level 1:colcon.colcon_core.package_discovery:discover_packages(ignore) check parameters
[0.774s] Level 1:colcon.colcon_core.package_discovery:discover_packages(path) check parameters
[0.774s] Level 1:colcon.colcon_core.package_discovery:discover_packages(colcon_meta) discover
[0.775s] Level 1:colcon.colcon_core.package_discovery:discover_packages(recursive) discover
[0.775s] INFO:colcon.colcon_core.package_discovery:Crawling recursively for packages in '/home/avani/sim_ws/src/lab-8-model-predictive-control-team3-1'
[0.776s] Level 1:colcon.colcon_core.package_identification:_identify(.) by extensions ['ignore', 'ignore_ament_install']
[0.776s] Level 1:colcon.colcon_core.package_identification:_identify(.) by extension 'ignore'
[0.777s] Level 1:colcon.colcon_core.package_identification:_identify(.) by extension 'ignore_ament_install'
[0.777s] Level 1:colcon.colcon_core.package_identification:_identify(.) by extensions ['colcon_pkg']
[0.777s] Level 1:colcon.colcon_core.package_identification:_identify(.) by extension 'colcon_pkg'
[0.777s] Level 1:colcon.colcon_core.package_identification:_identify(.) by extensions ['colcon_meta']
[0.777s] Level 1:colcon.colcon_core.package_identification:_identify(.) by extension 'colcon_meta'
[0.777s] Level 1:colcon.colcon_core.package_identification:_identify(.) by extensions ['ros']
[0.777s] Level 1:colcon.colcon_core.package_identification:_identify(.) by extension 'ros'
[0.812s] Level 1:colcon.colcon_core.package_identification:_identify(.) by extensions ['cmake', 'python']
[0.812s] Level 1:colcon.colcon_core.package_identification:_identify(.) by extension 'cmake'
[0.812s] Level 1:colcon.colcon_core.package_identification:_identify(.) by extension 'python'
[0.813s] Level 1:colcon.colcon_core.package_identification:_identify(.) by extensions ['python_setup_py']
[0.813s] Level 1:colcon.colcon_core.package_identification:_identify(.) by extension 'python_setup_py'
[0.813s] Level 1:colcon.colcon_core.package_identification:_identify(build) by extensions ['ignore', 'ignore_ament_install']
[0.813s] Level 1:colcon.colcon_core.package_identification:_identify(build) by extension 'ignore'
[0.813s] Level 1:colcon.colcon_core.package_identification:_identify(build) ignored
[0.813s] Level 1:colcon.colcon_core.package_identification:_identify(install) by extensions ['ignore', 'ignore_ament_install']
[0.813s] Level 1:colcon.colcon_core.package_identification:_identify(install) by extension 'ignore'
[0.814s] Level 1:colcon.colcon_core.package_identification:_identify(install) ignored
[0.814s] Level 1:colcon.colcon_core.package_identification:_identify(log) by extensions ['ignore', 'ignore_ament_install']
[0.814s] Level 1:colcon.colcon_core.package_identification:_identify(log) by extension 'ignore'
[0.814s] Level 1:colcon.colcon_core.package_identification:_identify(log) ignored
[0.814s] Level 1:colcon.colcon_core.package_identification:_identify(mpc) by extensions ['ignore', 'ignore_ament_install']
[0.815s] Level 1:colcon.colcon_core.package_identification:_identify(mpc) by extension 'ignore'
[0.815s] Level 1:colcon.colcon_core.package_identification:_identify(mpc) by extension 'ignore_ament_install'
[0.815s] Level 1:colcon.colcon_core.package_identification:_identify(mpc) by extensions ['colcon_pkg']
[0.815s] Level 1:colcon.colcon_core.package_identification:_identify(mpc) by extension 'colcon_pkg'
[0.815s] Level 1:colcon.colcon_core.package_identification:_identify(mpc) by extensions ['colcon_meta']
[0.815s] Level 1:colcon.colcon_core.package_identification:_identify(mpc) by extension 'colcon_meta'
[0.815s] Level 1:colcon.colcon_core.package_identification:_identify(mpc) by extensions ['ros']
[0.815s] Level 1:colcon.colcon_core.package_identification:_identify(mpc) by extension 'ros'
[0.819s] DEBUG:colcon.colcon_core.package_identification:Package 'mpc' with type 'ros.ament_cmake' and name 'mpc'
[0.819s] Level 1:colcon.colcon_core.package_discovery:discover_packages(recursive) using defaults
[0.819s] Level 1:colcon.colcon_core.package_discovery:discover_packages(ignore) discover
[0.819s] Level 1:colcon.colcon_core.package_discovery:discover_packages(ignore) using defaults
[0.819s] Level 1:colcon.colcon_core.package_discovery:discover_packages(path) discover
[0.819s] Level 1:colcon.colcon_core.package_discovery:discover_packages(path) using defaults
[0.867s] Level 1:colcon.colcon_core.package_discovery:discover_packages(prefix_path) check parameters
[0.867s] Level 1:colcon.colcon_core.package_discovery:discover_packages(prefix_path) discover
[0.874s] DEBUG:colcon.colcon_installed_package_information.package_discovery:Found 1 installed packages in /home/avani/sim_ws/src/lab-8-model-predictive-control-team3-1/install
[0.876s] DEBUG:colcon.colcon_installed_package_information.package_discovery:Found 1 installed packages in /home/avani/sim_ws/install
[0.880s] DEBUG:colcon.colcon_installed_package_information.package_discovery:Found 2 installed packages in /home/avani/roboracer_ws/install
[0.886s] DEBUG:colcon.colcon_installed_package_information.package_discovery:Found 286 installed packages in /opt/ros/humble
[0.892s] Level 1:colcon.colcon_core.package_discovery:discover_packages(prefix_path) using defaults
[1.018s] Level 5:colcon.colcon_core.verb:set package 'mpc' build argument 'cmake_args' from command line to 'None'
[1.018s] Level 5:colcon.colcon_core.verb:set package 'mpc' build argument 'cmake_target' from command line to 'None'
[1.018s] Level 5:colcon.colcon_core.verb:set package 'mpc' build argument 'cmake_target_skip_unavailable' from command line to 'False'
[1.019s] Level 5:colcon.colcon_core.verb:set package 'mpc' build argument 'cmake_clean_cache' from command line to 'False'
[1.019s] Level 5:colcon.colcon_core.verb:set package 'mpc' build argument 'cmake_clean_first' from command line to 'False'
[1.019s] Level 5:colcon.colcon_core.verb:set package 'mpc' build argument 'cmake_force_configure' from command line to 'False'
[1.020s] Level 5:colcon.colcon_core.verb:set package 'mpc' build argument 'ament_cmake_args' from command line to 'None'
[1.020s] Level 5:colcon.colcon_core.verb:set package 'mpc' build argument 'catkin_cmake_args' from command line to 'None'
[1.020s] Level 5:colcon.colcon_core.verb:set package 'mpc' build argument 'catkin_skip_building_tests' from command line to 'False'
[1.021s] DEBUG:colcon.colcon_core.verb:Building package 'mpc' with the following arguments: {'ament_cmake_args': None, 'build_base': '/home/avani/sim_ws/src/lab-8-model-predictive-control-team3-1/build/mpc', 'catkin_cmake_args': None, 'catkin_skip_building_tests': False, 'cmake_args': None, 'cmake_clean_cache': False, 'cmake_clean_first': False, 'cmake_force_configure': False, 'cmake_target': None, 'cmake_target_skip_unavailable': False, 'install_base': '/home/avani/sim_ws/src/lab-8-model-predictive-control-team3-1/install/mpc', 'merge_install': False, 'path': '/home/avani/sim_ws/src/lab-8-model-predictive-control-team3-1/mpc', 'symlink_install': False, 'test_result_base': None}
[1.022s] INFO:colcon.colcon_core.executor:Executing jobs using 'parallel' executor
[1.029s] DEBUG:colcon.colcon_parallel_executor.executor.parallel:run_until_complete
[1.029s] INFO:colcon.colcon_ros.task.ament_cmake.build:Building ROS package in '/home/avani/sim_ws/src/lab-8-model-predictive-control-team3-1/mpc' with build type 'ament_cmake'
[1.030s] INFO:colcon.colcon_cmake.task.cmake.build:Building CMake package in '/home/avani/sim_ws/src/lab-8-model-predictive-control-team3-1/mpc'
[1.038s] INFO:colcon.colcon_core.plugin_system:Skipping extension 'colcon_core.shell.bat': Not used on non-Windows systems
[1.039s] INFO:colcon.colcon_core.shell:Skip shell extension 'powershell' for command environment: Not usable outside of PowerShell
[1.039s] DEBUG:colcon.colcon_core.shell:Skip shell extension 'dsv' for command environment
[1.088s] DEBUG:colcon.colcon_core.event_handler.log_command:Invoking command in '/home/avani/sim_ws/src/lab-8-model-predictive-control-team3-1/build/mpc': CMAKE_PREFIX_PATH=${CMAKE_PREFIX_PATH}:/home/avani/sim_ws/install/f1tenth_gym_ros:/home/avani/roboracer_ws/install/f1tenth_gym_ros:/opt/ros/humble /usr/bin/cmake --build /home/avani/sim_ws/src/lab-8-model-predictive-control-team3-1/build/mpc -- -j4 -l4
[2.742s] DEBUG:colcon.colcon_core.event_handler.log_command:Invoked command in '/home/avani/sim_ws/src/lab-8-model-predictive-control-team3-1/build/mpc' returned '0': CMAKE_PREFIX_PATH=${CMAKE_PREFIX_PATH}:/home/avani/sim_ws/install/f1tenth_gym_ros:/home/avani/roboracer_ws/install/f1tenth_gym_ros:/opt/ros/humble /usr/bin/cmake --build /home/avani/sim_ws/src/lab-8-model-predictive-control-team3-1/build/mpc -- -j4 -l4
[2.803s] DEBUG:colcon.colcon_core.event_handler.log_command:Invoking command in '/home/avani/sim_ws/src/lab-8-model-predictive-control-team3-1/build/mpc': CMAKE_PREFIX_PATH=${CMAKE_PREFIX_PATH}:/home/avani/sim_ws/install/f1tenth_gym_ros:/home/avani/roboracer_ws/install/f1tenth_gym_ros:/opt/ros/humble /usr/bin/cmake --install /home/avani/sim_ws/src/lab-8-model-predictive-control-team3-1/build/mpc
[3.005s] Level 1:colcon.colcon_core.environment:create_environment_scripts_only(mpc)
[3.007s] DEBUG:colcon.colcon_core.event_handler.log_command:Invoked command in '/home/avani/sim_ws/src/lab-8-model-predictive-control-team3-1/build/mpc' returned '0': CMAKE_PREFIX_PATH=${CMAKE_PREFIX_PATH}:/home/avani/sim_ws/install/f1tenth_gym_ros:/home/avani/roboracer_ws/install/f1tenth_gym_ros:/opt/ros/humble /usr/bin/cmake --install /home/avani/sim_ws/src/lab-8-model-predictive-control-team3-1/build/mpc
[3.027s] Level 1:colcon.colcon_core.environment:checking '/home/avani/sim_ws/src/lab-8-model-predictive-control-team3-1/install/mpc' for CMake module files
[3.031s] Level 1:colcon.colcon_core.environment:checking '/home/avani/sim_ws/src/lab-8-model-predictive-control-team3-1/install/mpc' for CMake config files
[3.033s] Level 1:colcon.colcon_core.shell:create_environment_hook('mpc', 'cmake_prefix_path')
[3.033s] INFO:colcon.colcon_core.shell:Creating environment hook '/home/avani/sim_ws/src/lab-8-model-predictive-control-team3-1/install/mpc/share/mpc/hook/cmake_prefix_path.ps1'
[3.034s] INFO:colcon.colcon_core.shell:Creating environment descriptor '/home/avani/sim_ws/src/lab-8-model-predictive-control-team3-1/install/mpc/share/mpc/hook/cmake_prefix_path.dsv'
[3.035s] INFO:colcon.colcon_core.shell:Creating environment hook '/home/avani/sim_ws/src/lab-8-model-predictive-control-team3-1/install/mpc/share/mpc/hook/cmake_prefix_path.sh'
[3.038s] Level 1:colcon.colcon_core.environment:checking '/home/avani/sim_ws/src/lab-8-model-predictive-control-team3-1/install/mpc/lib'
[3.038s] Level 1:colcon.colcon_core.environment:checking '/home/avani/sim_ws/src/lab-8-model-predictive-control-team3-1/install/mpc/bin'
[3.038s] Level 1:colcon.colcon_core.environment:checking '/home/avani/sim_ws/src/lab-8-model-predictive-control-team3-1/install/mpc/lib/pkgconfig/mpc.pc'
[3.039s] Level 1:colcon.colcon_core.environment:checking '/home/avani/sim_ws/src/lab-8-model-predictive-control-team3-1/install/mpc/lib/python3.10/site-packages'
[3.039s] Level 1:colcon.colcon_core.environment:checking '/home/avani/sim_ws/src/lab-8-model-predictive-control-team3-1/install/mpc/bin'
[3.039s] INFO:colcon.colcon_core.shell:Creating package script '/home/avani/sim_ws/src/lab-8-model-predictive-control-team3-1/install/mpc/share/mpc/package.ps1'
[3.040s] INFO:colcon.colcon_core.shell:Creating package descriptor '/home/avani/sim_ws/src/lab-8-model-predictive-control-team3-1/install/mpc/share/mpc/package.dsv'
[3.041s] INFO:colcon.colcon_core.shell:Creating package script '/home/avani/sim_ws/src/lab-8-model-predictive-control-team3-1/install/mpc/share/mpc/package.sh'
[3.044s] INFO:colcon.colcon_core.shell:Creating package script '/home/avani/sim_ws/src/lab-8-model-predictive-control-team3-1/install/mpc/share/mpc/package.bash'
[3.045s] INFO:colcon.colcon_core.shell:Creating package script '/home/avani/sim_ws/src/lab-8-model-predictive-control-team3-1/install/mpc/share/mpc/package.zsh'
[3.049s] Level 1:colcon.colcon_core.environment:create_file_with_runtime_dependencies(/home/avani/sim_ws/src/lab-8-model-predictive-control-team3-1/install/mpc/share/colcon-core/packages/mpc)
[3.051s] Level 1:colcon.colcon_core.environment:create_environment_scripts_only(mpc)
[3.052s] Level 1:colcon.colcon_core.environment:checking '/home/avani/sim_ws/src/lab-8-model-predictive-control-team3-1/install/mpc' for CMake module files
[3.053s] Level 1:colcon.colcon_core.environment:checking '/home/avani/sim_ws/src/lab-8-model-predictive-control-team3-1/install/mpc' for CMake config files
[3.055s] Level 1:colcon.colcon_core.shell:create_environment_hook('mpc', 'cmake_prefix_path')
[3.055s] INFO:colcon.colcon_core.shell:Creating environment hook '/home/avani/sim_ws/src/lab-8-model-predictive-control-team3-1/install/mpc/share/mpc/hook/cmake_prefix_path.ps1'
[3.057s] INFO:colcon.colcon_core.shell:Creating environment descriptor '/home/avani/sim_ws/src/lab-8-model-predictive-control-team3-1/install/mpc/share/mpc/hook/cmake_prefix_path.dsv'
[3.057s] INFO:colcon.colcon_core.shell:Creating environment hook '/home/avani/sim_ws/src/lab-8-model-predictive-control-team3-1/install/mpc/share/mpc/hook/cmake_prefix_path.sh'
[3.062s] Level 1:colcon.colcon_core.environment:checking '/home/avani/sim_ws/src/lab-8-model-predictive-control-team3-1/install/mpc/lib'
[3.062s] Level 1:colcon.colcon_core.environment:checking '/home/avani/sim_ws/src/lab-8-model-predictive-control-team3-1/install/mpc/bin'
[3.062s] Level 1:colcon.colcon_core.environment:checking '/home/avani/sim_ws/src/lab-8-model-predictive-control-team3-1/install/mpc/lib/pkgconfig/mpc.pc'
[3.063s] Level 1:colcon.colcon_core.environment:checking '/home/avani/sim_ws/src/lab-8-model-predictive-control-team3-1/install/mpc/lib/python3.10/site-packages'
[3.063s] Level 1:colcon.colcon_core.environment:checking '/home/avani/sim_ws/src/lab-8-model-predictive-control-team3-1/install/mpc/bin'
[3.063s] INFO:colcon.colcon_core.shell:Creating package script '/home/avani/sim_ws/src/lab-8-model-predictive-control-team3-1/install/mpc/share/mpc/package.ps1'
[3.065s] INFO:colcon.colcon_core.shell:Creating package descriptor '/home/avani/sim_ws/src/lab-8-model-predictive-control-team3-1/install/mpc/share/mpc/package.dsv'
[3.068s] INFO:colcon.colcon_core.shell:Creating package script '/home/avani/sim_ws/src/lab-8-model-predictive-control-team3-1/install/mpc/share/mpc/package.sh'
[3.070s] INFO:colcon.colcon_core.shell:Creating package script '/home/avani/sim_ws/src/lab-8-model-predictive-control-team3-1/install/mpc/share/mpc/package.bash'
[3.072s] INFO:colcon.colcon_core.shell:Creating package script '/home/avani/sim_ws/src/lab-8-model-predictive-control-team3-1/install/mpc/share/mpc/package.zsh'
[3.074s] Level 1:colcon.colcon_core.environment:create_file_with_runtime_dependencies(/home/avani/sim_ws/src/lab-8-model-predictive-control-team3-1/install/mpc/share/colcon-core/packages/mpc)
[3.077s] DEBUG:colcon.colcon_parallel_executor.executor.parallel:closing loop
[3.079s] DEBUG:colcon.colcon_parallel_executor.executor.parallel:loop closed
[3.079s] DEBUG:colcon.colcon_parallel_executor.executor.parallel:run_until_complete finished with '0'
[3.079s] DEBUG:colcon.colcon_core.event_reactor:joining thread
[3.107s] INFO:colcon.colcon_core.plugin_system:Skipping extension 'colcon_notification.desktop_notification.terminal_notifier': Not used on non-Darwin systems
[3.107s] INFO:colcon.colcon_core.plugin_system:Skipping extension 'colcon_notification.desktop_notification.win32': Not used on non-Windows systems
[3.107s] INFO:colcon.colcon_notification.desktop_notification:Sending desktop notification using 'notify2'
[3.173s] DEBUG:colcon.colcon_core.event_reactor:joined thread
[3.174s] INFO:colcon.colcon_core.shell:Creating prefix script '/home/avani/sim_ws/src/lab-8-model-predictive-control-team3-1/install/local_setup.ps1'
[3.177s] INFO:colcon.colcon_core.shell:Creating prefix util module '/home/avani/sim_ws/src/lab-8-model-predictive-control-team3-1/install/_local_setup_util_ps1.py'
[3.181s] INFO:colcon.colcon_core.shell:Creating prefix chain script '/home/avani/sim_ws/src/lab-8-model-predictive-control-team3-1/install/setup.ps1'
[3.188s] INFO:colcon.colcon_core.shell:Creating prefix script '/home/avani/sim_ws/src/lab-8-model-predictive-control-team3-1/install/local_setup.sh'
[3.191s] INFO:colcon.colcon_core.shell:Creating prefix util module '/home/avani/sim_ws/src/lab-8-model-predictive-control-team3-1/install/_local_setup_util_sh.py'
[3.196s] INFO:colcon.colcon_core.shell:Creating prefix chain script '/home/avani/sim_ws/src/lab-8-model-predictive-control-team3-1/install/setup.sh'
[3.201s] INFO:colcon.colcon_core.shell:Creating prefix script '/home/avani/sim_ws/src/lab-8-model-predictive-control-team3-1/install/local_setup.bash'
[3.203s] INFO:colcon.colcon_core.shell:Creating prefix chain script '/home/avani/sim_ws/src/lab-8-model-predictive-control-team3-1/install/setup.bash'
[3.207s] INFO:colcon.colcon_core.shell:Creating prefix script '/home/avani/sim_ws/src/lab-8-model-predictive-control-team3-1/install/local_setup.zsh'
[3.212s] INFO:colcon.colcon_core.shell:Creating prefix chain script '/home/avani/sim_ws/src/lab-8-model-predictive-control-team3-1/install/setup.zsh'
